[09-Jul-2018 23:13:34 UTC] PHP Warning:  require(src/modelo/Pessoa.php): failed to open stream: No such file or directory in /home/ubuntu/workspace/2IF2-TP2-PHP/OOP/src/controlador/PessoaCadastro.php on line 2
[09-Jul-2018 23:13:34 UTC] PHP Stack trace:
[09-Jul-2018 23:13:34 UTC] PHP   1. {main}() /home/ubuntu/workspace/2IF2-TP2-PHP/OOP/src/controlador/PessoaCadastro.php:0
[09-Jul-2018 23:13:34 UTC] PHP Fatal error:  require(): Failed opening required 'src/modelo/Pessoa.php' (include_path='.:/usr/share/php:/usr/share/pear') in /home/ubuntu/workspace/2IF2-TP2-PHP/OOP/src/controlador/PessoaCadastro.php on line 2
[09-Jul-2018 23:13:34 UTC] PHP Stack trace:
[09-Jul-2018 23:13:34 UTC] PHP   1. {main}() /home/ubuntu/workspace/2IF2-TP2-PHP/OOP/src/controlador/PessoaCadastro.php:0
[09-Jul-2018 23:18:09 UTC] PHP Warning:  require(src/modelo/Pessoa.php): failed to open stream: No such file or directory in /home/ubuntu/workspace/2IF2-TP2-PHP/OOP/src/controlador/PessoaCadastro.php on line 2
[09-Jul-2018 23:18:09 UTC] PHP Stack trace:
[09-Jul-2018 23:18:09 UTC] PHP   1. {main}() /home/ubuntu/workspace/2IF2-TP2-PHP/OOP/src/controlador/PessoaCadastro.php:0
[09-Jul-2018 23:18:09 UTC] PHP Fatal error:  require(): Failed opening required 'src/modelo/Pessoa.php' (include_path='.:/usr/share/php:/usr/share/pear') in /home/ubuntu/workspace/2IF2-TP2-PHP/OOP/src/controlador/PessoaCadastro.php on line 2
[09-Jul-2018 23:18:09 UTC] PHP Stack trace:
[09-Jul-2018 23:18:09 UTC] PHP   1. {main}() /home/ubuntu/workspace/2IF2-TP2-PHP/OOP/src/controlador/PessoaCadastro.php:0
[09-Jul-2018 23:18:44 UTC] PHP Warning:  require(/src/modelo/Pessoa.php): failed to open stream: No such file or directory in /home/ubuntu/workspace/2IF2-TP2-PHP/OOP/src/controlador/PessoaCadastro.php on line 2
[09-Jul-2018 23:18:44 UTC] PHP Stack trace:
[09-Jul-2018 23:18:44 UTC] PHP   1. {main}() /home/ubuntu/workspace/2IF2-TP2-PHP/OOP/src/controlador/PessoaCadastro.php:0
[09-Jul-2018 23:18:44 UTC] PHP Fatal error:  require(): Failed opening required '/src/modelo/Pessoa.php' (include_path='.:/usr/share/php:/usr/share/pear') in /home/ubuntu/workspace/2IF2-TP2-PHP/OOP/src/controlador/PessoaCadastro.php on line 2
[09-Jul-2018 23:18:44 UTC] PHP Stack trace:
[09-Jul-2018 23:18:44 UTC] PHP   1. {main}() /home/ubuntu/workspace/2IF2-TP2-PHP/OOP/src/controlador/PessoaCadastro.php:0
[09-Jul-2018 23:19:18 UTC] PHP Warning:  require(Pessoa.php): failed to open stream: No such file or directory in /home/ubuntu/workspace/2IF2-TP2-PHP/OOP/src/controlador/PessoaCadastro.php on line 2
[09-Jul-2018 23:19:18 UTC] PHP Stack trace:
[09-Jul-2018 23:19:18 UTC] PHP   1. {main}() /home/ubuntu/workspace/2IF2-TP2-PHP/OOP/src/controlador/PessoaCadastro.php:0
[09-Jul-2018 23:19:18 UTC] PHP Fatal error:  require(): Failed opening required 'Pessoa.php' (include_path='.:/usr/share/php:/usr/share/pear') in /home/ubuntu/workspace/2IF2-TP2-PHP/OOP/src/controlador/PessoaCadastro.php on line 2
[09-Jul-2018 23:19:18 UTC] PHP Stack trace:
[09-Jul-2018 23:19:18 UTC] PHP   1. {main}() /home/ubuntu/workspace/2IF2-TP2-PHP/OOP/src/controlador/PessoaCadastro.php:0
[09-Jul-2018 23:20:13 UTC] PHP Warning:  include_once(src/controlador/FabricaConexao.php): failed to open stream: No such file or directory in /home/ubuntu/workspace/2IF2-TP2-PHP/OOP/src/modelo/PessoaDAO.php on line 4
[09-Jul-2018 23:20:13 UTC] PHP Stack trace:
[09-Jul-2018 23:20:13 UTC] PHP   1. {main}() /home/ubuntu/workspace/2IF2-TP2-PHP/OOP/src/controlador/PessoaCadastro.php:0
[09-Jul-2018 23:20:13 UTC] PHP   2. require() /home/ubuntu/workspace/2IF2-TP2-PHP/OOP/src/controlador/PessoaCadastro.php:3
[09-Jul-2018 23:20:13 UTC] PHP Warning:  include_once(): Failed opening 'src/controlador/FabricaConexao.php' for inclusion (include_path='.:/usr/share/php:/usr/share/pear') in /home/ubuntu/workspace/2IF2-TP2-PHP/OOP/src/modelo/PessoaDAO.php on line 4
[09-Jul-2018 23:20:13 UTC] PHP Stack trace:
[09-Jul-2018 23:20:13 UTC] PHP   1. {main}() /home/ubuntu/workspace/2IF2-TP2-PHP/OOP/src/controlador/PessoaCadastro.php:0
[09-Jul-2018 23:20:13 UTC] PHP   2. require() /home/ubuntu/workspace/2IF2-TP2-PHP/OOP/src/controlador/PessoaCadastro.php:3
[09-Jul-2018 23:20:13 UTC] PHP Fatal error:  Class 'FabricaConexao' not found in /home/ubuntu/workspace/2IF2-TP2-PHP/OOP/src/modelo/PessoaDAO.php on line 10
[09-Jul-2018 23:20:13 UTC] PHP Stack trace:
[09-Jul-2018 23:20:13 UTC] PHP   1. {main}() /home/ubuntu/workspace/2IF2-TP2-PHP/OOP/src/controlador/PessoaCadastro.php:0
[09-Jul-2018 23:20:13 UTC] PHP   2. PessoaDAO->inserirObjeto() /home/ubuntu/workspace/2IF2-TP2-PHP/OOP/src/controlador/PessoaCadastro.php:17
[09-Jul-2018 23:20:26 UTC] PHP Warning:  require(modelo/Pessoa.php): failed to open stream: No such file or directory in /home/ubuntu/workspace/2IF2-TP2-PHP/OOP/src/controlador/PessoaCadastro.php on line 2
[09-Jul-2018 23:20:26 UTC] PHP Stack trace:
[09-Jul-2018 23:20:26 UTC] PHP   1. {main}() /home/ubuntu/workspace/2IF2-TP2-PHP/OOP/src/controlador/PessoaCadastro.php:0
[09-Jul-2018 23:20:26 UTC] PHP Fatal error:  require(): Failed opening required 'modelo/Pessoa.php' (include_path='.:/usr/share/php:/usr/share/pear') in /home/ubuntu/workspace/2IF2-TP2-PHP/OOP/src/controlador/PessoaCadastro.php on line 2
[09-Jul-2018 23:20:26 UTC] PHP Stack trace:
[09-Jul-2018 23:20:26 UTC] PHP   1. {main}() /home/ubuntu/workspace/2IF2-TP2-PHP/OOP/src/controlador/PessoaCadastro.php:0
[09-Jul-2018 23:20:37 UTC] PHP Warning:  require(src/modelo/Pessoa.php): failed to open stream: No such file or directory in /home/ubuntu/workspace/2IF2-TP2-PHP/OOP/src/controlador/PessoaCadastro.php on line 2
[09-Jul-2018 23:20:37 UTC] PHP Stack trace:
[09-Jul-2018 23:20:37 UTC] PHP   1. {main}() /home/ubuntu/workspace/2IF2-TP2-PHP/OOP/src/controlador/PessoaCadastro.php:0
[09-Jul-2018 23:20:37 UTC] PHP Fatal error:  require(): Failed opening required 'src/modelo/Pessoa.php' (include_path='.:/usr/share/php:/usr/share/pear') in /home/ubuntu/workspace/2IF2-TP2-PHP/OOP/src/controlador/PessoaCadastro.php on line 2
[09-Jul-2018 23:20:37 UTC] PHP Stack trace:
[09-Jul-2018 23:20:37 UTC] PHP   1. {main}() /home/ubuntu/workspace/2IF2-TP2-PHP/OOP/src/controlador/PessoaCadastro.php:0
[09-Jul-2018 23:31:32 UTC] PHP Warning:  require(src/modelo/Pessoa.php): failed to open stream: No such file or directory in /home/ubuntu/workspace/2IF2-TP2-PHP/OOP/src/controlador/PessoaCadastro.php on line 5
[09-Jul-2018 23:31:32 UTC] PHP Stack trace:
[09-Jul-2018 23:31:32 UTC] PHP   1. {main}() /home/ubuntu/workspace/2IF2-TP2-PHP/OOP/src/controlador/PessoaCadastro.php:0
[09-Jul-2018 23:31:32 UTC] PHP Fatal error:  require(): Failed opening required 'src/modelo/Pessoa.php' (include_path='.:/usr/share/php:/usr/share/pear') in /home/ubuntu/workspace/2IF2-TP2-PHP/OOP/src/controlador/PessoaCadastro.php on line 5
[09-Jul-2018 23:31:32 UTC] PHP Stack trace:
[09-Jul-2018 23:31:32 UTC] PHP   1. {main}() /home/ubuntu/workspace/2IF2-TP2-PHP/OOP/src/controlador/PessoaCadastro.php:0
[09-Jul-2018 23:32:35 UTC] PHP Warning:  require(2IF2-TP2-PHP/OOP/src/modelo/Pessoa.php): failed to open stream: No such file or directory in /home/ubuntu/workspace/2IF2-TP2-PHP/OOP/src/controlador/PessoaCadastro.php on line 3
[09-Jul-2018 23:32:35 UTC] PHP Stack trace:
[09-Jul-2018 23:32:35 UTC] PHP   1. {main}() /home/ubuntu/workspace/2IF2-TP2-PHP/OOP/src/controlador/PessoaCadastro.php:0
[09-Jul-2018 23:32:35 UTC] PHP Fatal error:  require(): Failed opening required '2IF2-TP2-PHP/OOP/src/modelo/Pessoa.php' (include_path='.:/usr/share/php:/usr/share/pear') in /home/ubuntu/workspace/2IF2-TP2-PHP/OOP/src/controlador/PessoaCadastro.php on line 3
[09-Jul-2018 23:32:35 UTC] PHP Stack trace:
[09-Jul-2018 23:32:35 UTC] PHP   1. {main}() /home/ubuntu/workspace/2IF2-TP2-PHP/OOP/src/controlador/PessoaCadastro.php:0
[09-Jul-2018 23:33:22 UTC] PHP Warning:  require(src/modelo/Pessoa.php): failed to open stream: No such file or directory in /home/ubuntu/workspace/2IF2-TP2-PHP/OOP/src/controlador/PessoaCadastro.php on line 5
[09-Jul-2018 23:33:22 UTC] PHP Stack trace:
[09-Jul-2018 23:33:22 UTC] PHP   1. {main}() /home/ubuntu/workspace/2IF2-TP2-PHP/OOP/src/controlador/PessoaCadastro.php:0
[09-Jul-2018 23:33:22 UTC] PHP Fatal error:  require(): Failed opening required 'src/modelo/Pessoa.php' (include_path='.:/usr/share/php:/usr/share/pear') in /home/ubuntu/workspace/2IF2-TP2-PHP/OOP/src/controlador/PessoaCadastro.php on line 5
[09-Jul-2018 23:33:22 UTC] PHP Stack trace:
[09-Jul-2018 23:33:22 UTC] PHP   1. {main}() /home/ubuntu/workspace/2IF2-TP2-PHP/OOP/src/controlador/PessoaCadastro.php:0
[09-Jul-2018 23:34:15 UTC] PHP Warning:  require(2IF2-TP2-PHP/OOP/src/modelo/Pessoa.php): failed to open stream: No such file or directory in /home/ubuntu/workspace/2IF2-TP2-PHP/OOP/src/controlador/PessoaCadastro.php on line 5
[09-Jul-2018 23:34:15 UTC] PHP Stack trace:
[09-Jul-2018 23:34:15 UTC] PHP   1. {main}() /home/ubuntu/workspace/2IF2-TP2-PHP/OOP/src/controlador/PessoaCadastro.php:0
[09-Jul-2018 23:34:15 UTC] PHP Fatal error:  require(): Failed opening required '2IF2-TP2-PHP/OOP/src/modelo/Pessoa.php' (include_path='.:/usr/share/php:/usr/share/pear') in /home/ubuntu/workspace/2IF2-TP2-PHP/OOP/src/controlador/PessoaCadastro.php on line 5
[09-Jul-2018 23:34:15 UTC] PHP Stack trace:
[09-Jul-2018 23:34:15 UTC] PHP   1. {main}() /home/ubuntu/workspace/2IF2-TP2-PHP/OOP/src/controlador/PessoaCadastro.php:0
[09-Jul-2018 23:35:23 UTC] PHP Warning:  include_once(src/modelo/Pessoa.php): failed to open stream: No such file or directory in /home/ubuntu/workspace/2IF2-TP2-PHP/OOP/src/controlador/PessoaCadastro.php on line 5
[09-Jul-2018 23:35:23 UTC] PHP Stack trace:
[09-Jul-2018 23:35:23 UTC] PHP   1. {main}() /home/ubuntu/workspace/2IF2-TP2-PHP/OOP/src/controlador/PessoaCadastro.php:0
[09-Jul-2018 23:35:23 UTC] PHP Warning:  include_once(): Failed opening 'src/modelo/Pessoa.php' for inclusion (include_path='.:/usr/share/php:/usr/share/pear') in /home/ubuntu/workspace/2IF2-TP2-PHP/OOP/src/controlador/PessoaCadastro.php on line 5
[09-Jul-2018 23:35:23 UTC] PHP Stack trace:
[09-Jul-2018 23:35:23 UTC] PHP   1. {main}() /home/ubuntu/workspace/2IF2-TP2-PHP/OOP/src/controlador/PessoaCadastro.php:0
[09-Jul-2018 23:35:23 UTC] PHP Warning:  include_once(src/modelo/PessoaDAO.php): failed to open stream: No such file or directory in /home/ubuntu/workspace/2IF2-TP2-PHP/OOP/src/controlador/PessoaCadastro.php on line 6
[09-Jul-2018 23:35:23 UTC] PHP Stack trace:
[09-Jul-2018 23:35:23 UTC] PHP   1. {main}() /home/ubuntu/workspace/2IF2-TP2-PHP/OOP/src/controlador/PessoaCadastro.php:0
[09-Jul-2018 23:35:23 UTC] PHP Warning:  include_once(): Failed opening 'src/modelo/PessoaDAO.php' for inclusion (include_path='.:/usr/share/php:/usr/share/pear') in /home/ubuntu/workspace/2IF2-TP2-PHP/OOP/src/controlador/PessoaCadastro.php on line 6
[09-Jul-2018 23:35:23 UTC] PHP Stack trace:
[09-Jul-2018 23:35:23 UTC] PHP   1. {main}() /home/ubuntu/workspace/2IF2-TP2-PHP/OOP/src/controlador/PessoaCadastro.php:0
[09-Jul-2018 23:35:23 UTC] PHP Fatal error:  Class 'Pessoa' not found in /home/ubuntu/workspace/2IF2-TP2-PHP/OOP/src/controlador/PessoaCadastro.php on line 13
[09-Jul-2018 23:35:23 UTC] PHP Stack trace:
[09-Jul-2018 23:35:23 UTC] PHP   1. {main}() /home/ubuntu/workspace/2IF2-TP2-PHP/OOP/src/controlador/PessoaCadastro.php:0
[09-Jul-2018 23:38:20 UTC] PHP Parse error:  syntax error, unexpected 'echo' (T_ECHO) in /home/ubuntu/workspace/2IF2-TP2-PHP/OOP/src/controlador/PessoaCadastro.php on line 3
[09-Jul-2018 23:38:45 UTC] PHP Warning:  include_once(src/modelo/Pessoa.php): failed to open stream: No such file or directory in /home/ubuntu/workspace/2IF2-TP2-PHP/OOP/src/controlador/PessoaCadastro.php on line 6
[09-Jul-2018 23:38:45 UTC] PHP Stack trace:
[09-Jul-2018 23:38:45 UTC] PHP   1. {main}() /home/ubuntu/workspace/2IF2-TP2-PHP/OOP/src/controlador/PessoaCadastro.php:0
[09-Jul-2018 23:38:45 UTC] PHP Warning:  include_once(): Failed opening 'src/modelo/Pessoa.php' for inclusion (include_path='.:/usr/share/php:/usr/share/pear') in /home/ubuntu/workspace/2IF2-TP2-PHP/OOP/src/controlador/PessoaCadastro.php on line 6
[09-Jul-2018 23:38:45 UTC] PHP Stack trace:
[09-Jul-2018 23:38:45 UTC] PHP   1. {main}() /home/ubuntu/workspace/2IF2-TP2-PHP/OOP/src/controlador/PessoaCadastro.php:0
[09-Jul-2018 23:38:45 UTC] PHP Warning:  include_once(src/modelo/PessoaDAO.php): failed to open stream: No such file or directory in /home/ubuntu/workspace/2IF2-TP2-PHP/OOP/src/controlador/PessoaCadastro.php on line 7
[09-Jul-2018 23:38:45 UTC] PHP Stack trace:
[09-Jul-2018 23:38:45 UTC] PHP   1. {main}() /home/ubuntu/workspace/2IF2-TP2-PHP/OOP/src/controlador/PessoaCadastro.php:0
[09-Jul-2018 23:38:45 UTC] PHP Warning:  include_once(): Failed opening 'src/modelo/PessoaDAO.php' for inclusion (include_path='.:/usr/share/php:/usr/share/pear') in /home/ubuntu/workspace/2IF2-TP2-PHP/OOP/src/controlador/PessoaCadastro.php on line 7
[09-Jul-2018 23:38:45 UTC] PHP Stack trace:
[09-Jul-2018 23:38:45 UTC] PHP   1. {main}() /home/ubuntu/workspace/2IF2-TP2-PHP/OOP/src/controlador/PessoaCadastro.php:0
[09-Jul-2018 23:38:45 UTC] PHP Fatal error:  Class 'Pessoa' not found in /home/ubuntu/workspace/2IF2-TP2-PHP/OOP/src/controlador/PessoaCadastro.php on line 14
[09-Jul-2018 23:38:45 UTC] PHP Stack trace:
[09-Jul-2018 23:38:45 UTC] PHP   1. {main}() /home/ubuntu/workspace/2IF2-TP2-PHP/OOP/src/controlador/PessoaCadastro.php:0
[09-Jul-2018 23:39:17 UTC] PHP Warning:  include_once(/home/ubuntu/workspace2IF2-TP2-PHP/OOP/src/modelo/Pessoa.php): failed to open stream: No such file or directory in /home/ubuntu/workspace/2IF2-TP2-PHP/OOP/src/controlador/PessoaCadastro.php on line 6
[09-Jul-2018 23:39:17 UTC] PHP Stack trace:
[09-Jul-2018 23:39:17 UTC] PHP   1. {main}() /home/ubuntu/workspace/2IF2-TP2-PHP/OOP/src/controlador/PessoaCadastro.php:0
[09-Jul-2018 23:39:17 UTC] PHP Warning:  include_once(): Failed opening '/home/ubuntu/workspace2IF2-TP2-PHP/OOP/src/modelo/Pessoa.php' for inclusion (include_path='.:/usr/share/php:/usr/share/pear') in /home/ubuntu/workspace/2IF2-TP2-PHP/OOP/src/controlador/PessoaCadastro.php on line 6
[09-Jul-2018 23:39:17 UTC] PHP Stack trace:
[09-Jul-2018 23:39:17 UTC] PHP   1. {main}() /home/ubuntu/workspace/2IF2-TP2-PHP/OOP/src/controlador/PessoaCadastro.php:0
[09-Jul-2018 23:39:17 UTC] PHP Warning:  include_once(/home/ubuntu/workspace2IF2-TP2-PHP/OOP/src/modelo/PessoaDAO.php): failed to open stream: No such file or directory in /home/ubuntu/workspace/2IF2-TP2-PHP/OOP/src/controlador/PessoaCadastro.php on line 7
[09-Jul-2018 23:39:17 UTC] PHP Stack trace:
[09-Jul-2018 23:39:17 UTC] PHP   1. {main}() /home/ubuntu/workspace/2IF2-TP2-PHP/OOP/src/controlador/PessoaCadastro.php:0
[09-Jul-2018 23:39:17 UTC] PHP Warning:  include_once(): Failed opening '/home/ubuntu/workspace2IF2-TP2-PHP/OOP/src/modelo/PessoaDAO.php' for inclusion (include_path='.:/usr/share/php:/usr/share/pear') in /home/ubuntu/workspace/2IF2-TP2-PHP/OOP/src/controlador/PessoaCadastro.php on line 7
[09-Jul-2018 23:39:17 UTC] PHP Stack trace:
[09-Jul-2018 23:39:17 UTC] PHP   1. {main}() /home/ubuntu/workspace/2IF2-TP2-PHP/OOP/src/controlador/PessoaCadastro.php:0
[09-Jul-2018 23:39:17 UTC] PHP Fatal error:  Class 'Pessoa' not found in /home/ubuntu/workspace/2IF2-TP2-PHP/OOP/src/controlador/PessoaCadastro.php on line 14
[09-Jul-2018 23:39:17 UTC] PHP Stack trace:
[09-Jul-2018 23:39:17 UTC] PHP   1. {main}() /home/ubuntu/workspace/2IF2-TP2-PHP/OOP/src/controlador/PessoaCadastro.php:0
[09-Jul-2018 23:40:08 UTC] PHP Warning:  require(src/modelo/Pessoa.php): failed to open stream: No such file or directory in /home/ubuntu/workspace/2IF2-TP2-PHP/OOP/src/controlador/PessoaCadastro.php on line 9
[09-Jul-2018 23:40:08 UTC] PHP Stack trace:
[09-Jul-2018 23:40:08 UTC] PHP   1. {main}() /home/ubuntu/workspace/2IF2-TP2-PHP/OOP/src/controlador/PessoaCadastro.php:0
[09-Jul-2018 23:40:08 UTC] PHP Fatal error:  require(): Failed opening required 'src/modelo/Pessoa.php' (include_path='.:/usr/share/php:/usr/share/pear') in /home/ubuntu/workspace/2IF2-TP2-PHP/OOP/src/controlador/PessoaCadastro.php on line 9
[09-Jul-2018 23:40:08 UTC] PHP Stack trace:
[09-Jul-2018 23:40:08 UTC] PHP   1. {main}() /home/ubuntu/workspace/2IF2-TP2-PHP/OOP/src/controlador/PessoaCadastro.php:0
[09-Jul-2018 23:42:34 UTC] PHP Warning:  require(src/modelo/Pessoa.php): failed to open stream: No such file or directory in /home/ubuntu/workspace/2IF2-TP2-PHP/OOP/src/controlador/PessoaCadastro.php on line 9
[09-Jul-2018 23:42:34 UTC] PHP Stack trace:
[09-Jul-2018 23:42:34 UTC] PHP   1. {main}() /home/ubuntu/workspace/2IF2-TP2-PHP/OOP/src/controlador/PessoaCadastro.php:0
[09-Jul-2018 23:42:34 UTC] PHP Fatal error:  require(): Failed opening required 'src/modelo/Pessoa.php' (include_path='.:/usr/share/php:/usr/share/pear') in /home/ubuntu/workspace/2IF2-TP2-PHP/OOP/src/controlador/PessoaCadastro.php on line 9
[09-Jul-2018 23:42:34 UTC] PHP Stack trace:
[09-Jul-2018 23:42:34 UTC] PHP   1. {main}() /home/ubuntu/workspace/2IF2-TP2-PHP/OOP/src/controlador/PessoaCadastro.php:0
[09-Jul-2018 23:44:32 UTC] PHP Warning:  include_once(src/modelo/Pessoa.php): failed to open stream: No such file or directory in /home/ubuntu/workspace/2IF2-TP2-PHP/OOP/src/controlador/PessoaCadastro.php on line 11
[09-Jul-2018 23:44:32 UTC] PHP Stack trace:
[09-Jul-2018 23:44:32 UTC] PHP   1. {main}() /home/ubuntu/workspace/2IF2-TP2-PHP/OOP/src/controlador/PessoaCadastro.php:0
[09-Jul-2018 23:44:32 UTC] PHP Warning:  include_once(): Failed opening 'src/modelo/Pessoa.php' for inclusion (include_path='.:/usr/share/php:/usr/share/pear') in /home/ubuntu/workspace/2IF2-TP2-PHP/OOP/src/controlador/PessoaCadastro.php on line 11
[09-Jul-2018 23:44:32 UTC] PHP Stack trace:
[09-Jul-2018 23:44:32 UTC] PHP   1. {main}() /home/ubuntu/workspace/2IF2-TP2-PHP/OOP/src/controlador/PessoaCadastro.php:0
[09-Jul-2018 23:44:32 UTC] PHP Warning:  include_once(src/modelo/PessoaDAO.php): failed to open stream: No such file or directory in /home/ubuntu/workspace/2IF2-TP2-PHP/OOP/src/controlador/PessoaCadastro.php on line 12
[09-Jul-2018 23:44:32 UTC] PHP Stack trace:
[09-Jul-2018 23:44:32 UTC] PHP   1. {main}() /home/ubuntu/workspace/2IF2-TP2-PHP/OOP/src/controlador/PessoaCadastro.php:0
[09-Jul-2018 23:44:32 UTC] PHP Warning:  include_once(): Failed opening 'src/modelo/PessoaDAO.php' for inclusion (include_path='.:/usr/share/php:/usr/share/pear') in /home/ubuntu/workspace/2IF2-TP2-PHP/OOP/src/controlador/PessoaCadastro.php on line 12
[09-Jul-2018 23:44:32 UTC] PHP Stack trace:
[09-Jul-2018 23:44:32 UTC] PHP   1. {main}() /home/ubuntu/workspace/2IF2-TP2-PHP/OOP/src/controlador/PessoaCadastro.php:0
[09-Jul-2018 23:44:32 UTC] PHP Fatal error:  Class 'Pessoa' not found in /home/ubuntu/workspace/2IF2-TP2-PHP/OOP/src/controlador/PessoaCadastro.php on line 17
[09-Jul-2018 23:44:32 UTC] PHP Stack trace:
[09-Jul-2018 23:44:32 UTC] PHP   1. {main}() /home/ubuntu/workspace/2IF2-TP2-PHP/OOP/src/controlador/PessoaCadastro.php:0
[09-Jul-2018 23:44:59 UTC] PHP Warning:  include_once(src/modelo/PessoaDAO.php): failed to open stream: No such file or directory in /home/ubuntu/workspace/2IF2-TP2-PHP/OOP/src/controlador/PessoasListar.php on line 2
[09-Jul-2018 23:44:59 UTC] PHP Stack trace:
[09-Jul-2018 23:44:59 UTC] PHP   1. {main}() /home/ubuntu/workspace/2IF2-TP2-PHP/OOP/src/controlador/PessoasListar.php:0
[09-Jul-2018 23:44:59 UTC] PHP Warning:  include_once(): Failed opening 'src/modelo/PessoaDAO.php' for inclusion (include_path='.:/usr/share/php:/usr/share/pear') in /home/ubuntu/workspace/2IF2-TP2-PHP/OOP/src/controlador/PessoasListar.php on line 2
[09-Jul-2018 23:44:59 UTC] PHP Stack trace:
[09-Jul-2018 23:44:59 UTC] PHP   1. {main}() /home/ubuntu/workspace/2IF2-TP2-PHP/OOP/src/controlador/PessoasListar.php:0
[09-Jul-2018 23:44:59 UTC] PHP Fatal error:  Class 'PessoaDAO' not found in /home/ubuntu/workspace/2IF2-TP2-PHP/OOP/src/controlador/PessoasListar.php on line 4
[09-Jul-2018 23:44:59 UTC] PHP Stack trace:
[09-Jul-2018 23:44:59 UTC] PHP   1. {main}() /home/ubuntu/workspace/2IF2-TP2-PHP/OOP/src/controlador/PessoasListar.php:0
[09-Jul-2018 23:47:06 UTC] PHP Warning:  include_once(src/modelo/Pessoa.php): failed to open stream: No such file or directory in /home/ubuntu/workspace/2IF2-TP2-PHP/OOP/src/controlador/PessoaCadastro.php on line 12
[09-Jul-2018 23:47:06 UTC] PHP Stack trace:
[09-Jul-2018 23:47:06 UTC] PHP   1. {main}() /home/ubuntu/workspace/2IF2-TP2-PHP/OOP/src/controlador/PessoaCadastro.php:0
[09-Jul-2018 23:47:06 UTC] PHP Warning:  include_once(): Failed opening 'src/modelo/Pessoa.php' for inclusion (include_path='.:/usr/share/php:/usr/share/pear') in /home/ubuntu/workspace/2IF2-TP2-PHP/OOP/src/controlador/PessoaCadastro.php on line 12
[09-Jul-2018 23:47:06 UTC] PHP Stack trace:
[09-Jul-2018 23:47:06 UTC] PHP   1. {main}() /home/ubuntu/workspace/2IF2-TP2-PHP/OOP/src/controlador/PessoaCadastro.php:0
[09-Jul-2018 23:47:06 UTC] PHP Warning:  include_once(src/modelo/PessoaDAO.php): failed to open stream: No such file or directory in /home/ubuntu/workspace/2IF2-TP2-PHP/OOP/src/controlador/PessoaCadastro.php on line 13
[09-Jul-2018 23:47:06 UTC] PHP Stack trace:
[09-Jul-2018 23:47:06 UTC] PHP   1. {main}() /home/ubuntu/workspace/2IF2-TP2-PHP/OOP/src/controlador/PessoaCadastro.php:0
[09-Jul-2018 23:47:06 UTC] PHP Warning:  include_once(): Failed opening 'src/modelo/PessoaDAO.php' for inclusion (include_path='.:/usr/share/php:/usr/share/pear') in /home/ubuntu/workspace/2IF2-TP2-PHP/OOP/src/controlador/PessoaCadastro.php on line 13
[09-Jul-2018 23:47:06 UTC] PHP Stack trace:
[09-Jul-2018 23:47:06 UTC] PHP   1. {main}() /home/ubuntu/workspace/2IF2-TP2-PHP/OOP/src/controlador/PessoaCadastro.php:0
[09-Jul-2018 23:47:06 UTC] PHP Fatal error:  Class 'Pessoa' not found in /home/ubuntu/workspace/2IF2-TP2-PHP/OOP/src/controlador/PessoaCadastro.php on line 18
[09-Jul-2018 23:47:06 UTC] PHP Stack trace:
[09-Jul-2018 23:47:06 UTC] PHP   1. {main}() /home/ubuntu/workspace/2IF2-TP2-PHP/OOP/src/controlador/PessoaCadastro.php:0
[09-Jul-2018 23:48:56 UTC] PHP Warning:  include_once(src/modelo/Pessoa.php): failed to open stream: No such file or directory in /home/ubuntu/workspace/2IF2-TP2-PHP/OOP/src/controlador/PessoaCadastro.php on line 12
[09-Jul-2018 23:48:56 UTC] PHP Stack trace:
[09-Jul-2018 23:48:56 UTC] PHP   1. {main}() /home/ubuntu/workspace/2IF2-TP2-PHP/OOP/src/controlador/PessoaCadastro.php:0
[09-Jul-2018 23:48:56 UTC] PHP Warning:  include_once(): Failed opening 'src/modelo/Pessoa.php' for inclusion (include_path='.:/usr/share/php:/usr/share/pear') in /home/ubuntu/workspace/2IF2-TP2-PHP/OOP/src/controlador/PessoaCadastro.php on line 12
[09-Jul-2018 23:48:56 UTC] PHP Stack trace:
[09-Jul-2018 23:48:56 UTC] PHP   1. {main}() /home/ubuntu/workspace/2IF2-TP2-PHP/OOP/src/controlador/PessoaCadastro.php:0
[09-Jul-2018 23:48:56 UTC] PHP Warning:  include_once(src/modelo/PessoaDAO.php): failed to open stream: No such file or directory in /home/ubuntu/workspace/2IF2-TP2-PHP/OOP/src/controlador/PessoaCadastro.php on line 13
[09-Jul-2018 23:48:56 UTC] PHP Stack trace:
[09-Jul-2018 23:48:56 UTC] PHP   1. {main}() /home/ubuntu/workspace/2IF2-TP2-PHP/OOP/src/controlador/PessoaCadastro.php:0
[09-Jul-2018 23:48:56 UTC] PHP Warning:  include_once(): Failed opening 'src/modelo/PessoaDAO.php' for inclusion (include_path='.:/usr/share/php:/usr/share/pear') in /home/ubuntu/workspace/2IF2-TP2-PHP/OOP/src/controlador/PessoaCadastro.php on line 13
[09-Jul-2018 23:48:56 UTC] PHP Stack trace:
[09-Jul-2018 23:48:56 UTC] PHP   1. {main}() /home/ubuntu/workspace/2IF2-TP2-PHP/OOP/src/controlador/PessoaCadastro.php:0
[09-Jul-2018 23:48:56 UTC] PHP Fatal error:  Class 'Pessoa' not found in /home/ubuntu/workspace/2IF2-TP2-PHP/OOP/src/controlador/PessoaCadastro.php on line 18
[09-Jul-2018 23:48:56 UTC] PHP Stack trace:
[09-Jul-2018 23:48:56 UTC] PHP   1. {main}() /home/ubuntu/workspace/2IF2-TP2-PHP/OOP/src/controlador/PessoaCadastro.php:0
[09-Jul-2018 23:50:45 UTC] PHP Warning:  include_once(/home/ubuntu/workspace/2IF2-TP2-PHP/OOP/src/controlador../modelo/Pessoa.php): failed to open stream: No such file or directory in /home/ubuntu/workspace/2IF2-TP2-PHP/OOP/src/controlador/PessoaCadastro.php on line 12
[09-Jul-2018 23:50:45 UTC] PHP Stack trace:
[09-Jul-2018 23:50:45 UTC] PHP   1. {main}() /home/ubuntu/workspace/2IF2-TP2-PHP/OOP/src/controlador/PessoaCadastro.php:0
[09-Jul-2018 23:50:45 UTC] PHP Warning:  include_once(): Failed opening '/home/ubuntu/workspace/2IF2-TP2-PHP/OOP/src/controlador../modelo/Pessoa.php' for inclusion (include_path='.:/usr/share/php:/usr/share/pear') in /home/ubuntu/workspace/2IF2-TP2-PHP/OOP/src/controlador/PessoaCadastro.php on line 12
[09-Jul-2018 23:50:45 UTC] PHP Stack trace:
[09-Jul-2018 23:50:45 UTC] PHP   1. {main}() /home/ubuntu/workspace/2IF2-TP2-PHP/OOP/src/controlador/PessoaCadastro.php:0
[09-Jul-2018 23:50:45 UTC] PHP Warning:  include_once(/home/ubuntu/workspace/2IF2-TP2-PHP/OOP/src/controlador../modelo/PessoaDAO.php): failed to open stream: No such file or directory in /home/ubuntu/workspace/2IF2-TP2-PHP/OOP/src/controlador/PessoaCadastro.php on line 13
[09-Jul-2018 23:50:45 UTC] PHP Stack trace:
[09-Jul-2018 23:50:45 UTC] PHP   1. {main}() /home/ubuntu/workspace/2IF2-TP2-PHP/OOP/src/controlador/PessoaCadastro.php:0
[09-Jul-2018 23:50:45 UTC] PHP Warning:  include_once(): Failed opening '/home/ubuntu/workspace/2IF2-TP2-PHP/OOP/src/controlador../modelo/PessoaDAO.php' for inclusion (include_path='.:/usr/share/php:/usr/share/pear') in /home/ubuntu/workspace/2IF2-TP2-PHP/OOP/src/controlador/PessoaCadastro.php on line 13
[09-Jul-2018 23:50:45 UTC] PHP Stack trace:
[09-Jul-2018 23:50:45 UTC] PHP   1. {main}() /home/ubuntu/workspace/2IF2-TP2-PHP/OOP/src/controlador/PessoaCadastro.php:0
[09-Jul-2018 23:50:45 UTC] PHP Fatal error:  Class 'Pessoa' not found in /home/ubuntu/workspace/2IF2-TP2-PHP/OOP/src/controlador/PessoaCadastro.php on line 18
[09-Jul-2018 23:50:45 UTC] PHP Stack trace:
[09-Jul-2018 23:50:45 UTC] PHP   1. {main}() /home/ubuntu/workspace/2IF2-TP2-PHP/OOP/src/controlador/PessoaCadastro.php:0
[09-Jul-2018 23:51:13 UTC] PHP Warning:  include_once(/home/ubuntu/workspace/2IF2-TP2-PHP/OOP/src/controlador../modelo/Pessoa.php): failed to open stream: No such file or directory in /home/ubuntu/workspace/2IF2-TP2-PHP/OOP/src/controlador/PessoaCadastro.php on line 13
[09-Jul-2018 23:51:13 UTC] PHP Stack trace:
[09-Jul-2018 23:51:13 UTC] PHP   1. {main}() /home/ubuntu/workspace/2IF2-TP2-PHP/OOP/src/controlador/PessoaCadastro.php:0
[09-Jul-2018 23:51:13 UTC] PHP Warning:  include_once(): Failed opening '/home/ubuntu/workspace/2IF2-TP2-PHP/OOP/src/controlador../modelo/Pessoa.php' for inclusion (include_path='.:/usr/share/php:/usr/share/pear') in /home/ubuntu/workspace/2IF2-TP2-PHP/OOP/src/controlador/PessoaCadastro.php on line 13
[09-Jul-2018 23:51:13 UTC] PHP Stack trace:
[09-Jul-2018 23:51:13 UTC] PHP   1. {main}() /home/ubuntu/workspace/2IF2-TP2-PHP/OOP/src/controlador/PessoaCadastro.php:0
[09-Jul-2018 23:51:13 UTC] PHP Warning:  include_once(/home/ubuntu/workspace/2IF2-TP2-PHP/OOP/src/controlador../modelo/PessoaDAO.php): failed to open stream: No such file or directory in /home/ubuntu/workspace/2IF2-TP2-PHP/OOP/src/controlador/PessoaCadastro.php on line 14
[09-Jul-2018 23:51:13 UTC] PHP Stack trace:
[09-Jul-2018 23:51:13 UTC] PHP   1. {main}() /home/ubuntu/workspace/2IF2-TP2-PHP/OOP/src/controlador/PessoaCadastro.php:0
[09-Jul-2018 23:51:13 UTC] PHP Warning:  include_once(): Failed opening '/home/ubuntu/workspace/2IF2-TP2-PHP/OOP/src/controlador../modelo/PessoaDAO.php' for inclusion (include_path='.:/usr/share/php:/usr/share/pear') in /home/ubuntu/workspace/2IF2-TP2-PHP/OOP/src/controlador/PessoaCadastro.php on line 14
[09-Jul-2018 23:51:13 UTC] PHP Stack trace:
[09-Jul-2018 23:51:13 UTC] PHP   1. {main}() /home/ubuntu/workspace/2IF2-TP2-PHP/OOP/src/controlador/PessoaCadastro.php:0
[09-Jul-2018 23:51:13 UTC] PHP Fatal error:  Class 'Pessoa' not found in /home/ubuntu/workspace/2IF2-TP2-PHP/OOP/src/controlador/PessoaCadastro.php on line 19
[09-Jul-2018 23:51:13 UTC] PHP Stack trace:
[09-Jul-2018 23:51:13 UTC] PHP   1. {main}() /home/ubuntu/workspace/2IF2-TP2-PHP/OOP/src/controlador/PessoaCadastro.php:0
[09-Jul-2018 23:51:47 UTC] PHP Warning:  include_once(src/controlador/FabricaConexao.php): failed to open stream: No such file or directory in /home/ubuntu/workspace/2IF2-TP2-PHP/OOP/src/modelo/PessoaDAO.php on line 4
[09-Jul-2018 23:51:47 UTC] PHP Stack trace:
[09-Jul-2018 23:51:47 UTC] PHP   1. {main}() /home/ubuntu/workspace/2IF2-TP2-PHP/OOP/src/controlador/PessoaCadastro.php:0
[09-Jul-2018 23:51:47 UTC] PHP   2. include_once() /home/ubuntu/workspace/2IF2-TP2-PHP/OOP/src/controlador/PessoaCadastro.php:14
[09-Jul-2018 23:51:47 UTC] PHP Warning:  include_once(): Failed opening 'src/controlador/FabricaConexao.php' for inclusion (include_path='.:/usr/share/php:/usr/share/pear') in /home/ubuntu/workspace/2IF2-TP2-PHP/OOP/src/modelo/PessoaDAO.php on line 4
[09-Jul-2018 23:51:47 UTC] PHP Stack trace:
[09-Jul-2018 23:51:47 UTC] PHP   1. {main}() /home/ubuntu/workspace/2IF2-TP2-PHP/OOP/src/controlador/PessoaCadastro.php:0
[09-Jul-2018 23:51:47 UTC] PHP   2. include_once() /home/ubuntu/workspace/2IF2-TP2-PHP/OOP/src/controlador/PessoaCadastro.php:14
[09-Jul-2018 23:51:47 UTC] PHP Fatal error:  Class 'FabricaConexao' not found in /home/ubuntu/workspace/2IF2-TP2-PHP/OOP/src/modelo/PessoaDAO.php on line 10
[09-Jul-2018 23:51:47 UTC] PHP Stack trace:
[09-Jul-2018 23:51:47 UTC] PHP   1. {main}() /home/ubuntu/workspace/2IF2-TP2-PHP/OOP/src/controlador/PessoaCadastro.php:0
[09-Jul-2018 23:51:47 UTC] PHP   2. PessoaDAO->inserirObjeto() /home/ubuntu/workspace/2IF2-TP2-PHP/OOP/src/controlador/PessoaCadastro.php:28
[09-Jul-2018 23:52:36 UTC] PHP Warning:  include_once(src/controlador/FabricaConexao.php): failed to open stream: No such file or directory in /home/ubuntu/workspace/2IF2-TP2-PHP/OOP/src/modelo/PessoaDAO.php on line 4
[09-Jul-2018 23:52:36 UTC] PHP Stack trace:
[09-Jul-2018 23:52:36 UTC] PHP   1. {main}() /home/ubuntu/workspace/2IF2-TP2-PHP/OOP/src/controlador/PessoaCadastro.php:0
[09-Jul-2018 23:52:36 UTC] PHP   2. require() /home/ubuntu/workspace/2IF2-TP2-PHP/OOP/src/controlador/PessoaCadastro.php:12
[09-Jul-2018 23:52:36 UTC] PHP Warning:  include_once(): Failed opening 'src/controlador/FabricaConexao.php' for inclusion (include_path='.:/usr/share/php:/usr/share/pear') in /home/ubuntu/workspace/2IF2-TP2-PHP/OOP/src/modelo/PessoaDAO.php on line 4
[09-Jul-2018 23:52:36 UTC] PHP Stack trace:
[09-Jul-2018 23:52:36 UTC] PHP   1. {main}() /home/ubuntu/workspace/2IF2-TP2-PHP/OOP/src/controlador/PessoaCadastro.php:0
[09-Jul-2018 23:52:36 UTC] PHP   2. require() /home/ubuntu/workspace/2IF2-TP2-PHP/OOP/src/controlador/PessoaCadastro.php:12
[09-Jul-2018 23:52:36 UTC] PHP Fatal error:  Class 'FabricaConexao' not found in /home/ubuntu/workspace/2IF2-TP2-PHP/OOP/src/modelo/PessoaDAO.php on line 10
[09-Jul-2018 23:52:36 UTC] PHP Stack trace:
[09-Jul-2018 23:52:36 UTC] PHP   1. {main}() /home/ubuntu/workspace/2IF2-TP2-PHP/OOP/src/controlador/PessoaCadastro.php:0
[09-Jul-2018 23:52:36 UTC] PHP   2. PessoaDAO->inserirObjeto() /home/ubuntu/workspace/2IF2-TP2-PHP/OOP/src/controlador/PessoaCadastro.php:27
[09-Jul-2018 23:54:27 UTC] PHP Warning:  include_once(__DIR_/../controlador/FabricaConexao.php): failed to open stream: No such file or directory in /home/ubuntu/workspace/2IF2-TP2-PHP/OOP/src/modelo/PessoaDAO.php on line 4
[09-Jul-2018 23:54:27 UTC] PHP Stack trace:
[09-Jul-2018 23:54:27 UTC] PHP   1. {main}() /home/ubuntu/workspace/2IF2-TP2-PHP/OOP/src/controlador/PessoaCadastro.php:0
[09-Jul-2018 23:54:27 UTC] PHP   2. require() /home/ubuntu/workspace/2IF2-TP2-PHP/OOP/src/controlador/PessoaCadastro.php:12
[09-Jul-2018 23:54:27 UTC] PHP Warning:  include_once(): Failed opening '__DIR_/../controlador/FabricaConexao.php' for inclusion (include_path='.:/usr/share/php:/usr/share/pear') in /home/ubuntu/workspace/2IF2-TP2-PHP/OOP/src/modelo/PessoaDAO.php on line 4
[09-Jul-2018 23:54:27 UTC] PHP Stack trace:
[09-Jul-2018 23:54:27 UTC] PHP   1. {main}() /home/ubuntu/workspace/2IF2-TP2-PHP/OOP/src/controlador/PessoaCadastro.php:0
[09-Jul-2018 23:54:27 UTC] PHP   2. require() /home/ubuntu/workspace/2IF2-TP2-PHP/OOP/src/controlador/PessoaCadastro.php:12
[09-Jul-2018 23:54:27 UTC] PHP Fatal error:  Class 'FabricaConexao' not found in /home/ubuntu/workspace/2IF2-TP2-PHP/OOP/src/modelo/PessoaDAO.php on line 10
[09-Jul-2018 23:54:27 UTC] PHP Stack trace:
[09-Jul-2018 23:54:27 UTC] PHP   1. {main}() /home/ubuntu/workspace/2IF2-TP2-PHP/OOP/src/controlador/PessoaCadastro.php:0
[09-Jul-2018 23:54:27 UTC] PHP   2. PessoaDAO->inserirObjeto() /home/ubuntu/workspace/2IF2-TP2-PHP/OOP/src/controlador/PessoaCadastro.php:27
[09-Jul-2018 23:56:11 UTC] PHP Warning:  include_once(src/modelo/PessoaDAO.php): failed to open stream: No such file or directory in /home/ubuntu/workspace/2IF2-TP2-PHP/OOP/src/controlador/PessoasListar.php on line 2
[09-Jul-2018 23:56:11 UTC] PHP Stack trace:
[09-Jul-2018 23:56:11 UTC] PHP   1. {main}() /home/ubuntu/workspace/2IF2-TP2-PHP/OOP/src/controlador/PessoasListar.php:0
[09-Jul-2018 23:56:11 UTC] PHP Warning:  include_once(): Failed opening 'src/modelo/PessoaDAO.php' for inclusion (include_path='.:/usr/share/php:/usr/share/pear') in /home/ubuntu/workspace/2IF2-TP2-PHP/OOP/src/controlador/PessoasListar.php on line 2
[09-Jul-2018 23:56:11 UTC] PHP Stack trace:
[09-Jul-2018 23:56:11 UTC] PHP   1. {main}() /home/ubuntu/workspace/2IF2-TP2-PHP/OOP/src/controlador/PessoasListar.php:0
[09-Jul-2018 23:56:11 UTC] PHP Fatal error:  Class 'PessoaDAO' not found in /home/ubuntu/workspace/2IF2-TP2-PHP/OOP/src/controlador/PessoasListar.php on line 4
[09-Jul-2018 23:56:11 UTC] PHP Stack trace:
[09-Jul-2018 23:56:11 UTC] PHP   1. {main}() /home/ubuntu/workspace/2IF2-TP2-PHP/OOP/src/controlador/PessoasListar.php:0
