[04-Jul-2018 04:13:20 UTC] PHP Parse error:  syntax error, unexpected 'public' (T_PUBLIC) in /home/ubuntu/workspace/PHP/CRUD/src/Pessoa.php on line 12
[04-Jul-2018 04:13:37 UTC] PHP Parse error:  syntax error, unexpected 'public' (T_PUBLIC) in /home/ubuntu/workspace/PHP/CRUD/src/Pessoa.php on line 13
[04-Jul-2018 04:23:36 UTC] PHP Parse error:  syntax error, unexpected '$nome' (T_VARIABLE), expecting function (T_FUNCTION) in /home/ubuntu/workspace/PHP/CRUD/src/Pessoa.php on line 14
[04-Jul-2018 04:28:02 UTC] PHP Fatal error:  Cannot access private property Pessoa::$nome in /home/ubuntu/workspace/PHP/CRUD/src/Pessoa.php on line 20
[04-Jul-2018 04:28:02 UTC] PHP Stack trace:
[04-Jul-2018 04:28:02 UTC] PHP   1. {main}() /home/ubuntu/workspace/PHP/CRUD/src/Pessoa.php:0
[04-Jul-2018 04:28:28 UTC] PHP Fatal error:  Cannot access private property Pessoa::$nome in /home/ubuntu/workspace/PHP/CRUD/src/Pessoa.php on line 24
[04-Jul-2018 04:28:28 UTC] PHP Stack trace:
[04-Jul-2018 04:28:28 UTC] PHP   1. {main}() /home/ubuntu/workspace/PHP/CRUD/src/Pessoa.php:0
[04-Jul-2018 04:28:30 UTC] PHP Fatal error:  Cannot access private property Pessoa::$nome in /home/ubuntu/workspace/PHP/CRUD/src/Pessoa.php on line 24
[04-Jul-2018 04:28:30 UTC] PHP Stack trace:
[04-Jul-2018 04:28:30 UTC] PHP   1. {main}() /home/ubuntu/workspace/PHP/CRUD/src/Pessoa.php:0
[04-Jul-2018 04:31:29 UTC] PHP Parse error:  syntax error, unexpected 'public' (T_PUBLIC) in /home/ubuntu/workspace/PHP/CRUD/src/Pessoa.php on line 13
[04-Jul-2018 04:36:03 UTC] PHP Parse error:  syntax error, unexpected '$p' (T_VARIABLE), expecting ',' or ';' in /home/ubuntu/workspace/PHP/CRUD/src/Pessoa.php on line 34
[04-Jul-2018 04:43:09 UTC] PHP Warning:  require(Pessoa.class.php): failed to open stream: No such file or directory in /home/ubuntu/workspace/PHP/CRUD/src/teste.php on line 3
[04-Jul-2018 04:43:09 UTC] PHP Stack trace:
[04-Jul-2018 04:43:09 UTC] PHP   1. {main}() /home/ubuntu/workspace/PHP/CRUD/src/teste.php:0
[04-Jul-2018 04:43:09 UTC] PHP Fatal error:  require(): Failed opening required 'Pessoa.class.php' (include_path='.:/usr/share/php:/usr/share/pear') in /home/ubuntu/workspace/PHP/CRUD/src/teste.php on line 3
[04-Jul-2018 04:43:09 UTC] PHP Stack trace:
[04-Jul-2018 04:43:09 UTC] PHP   1. {main}() /home/ubuntu/workspace/PHP/CRUD/src/teste.php:0
[04-Jul-2018 04:43:58 UTC] PHP Warning:  require(Pessoa.class.php): failed to open stream: No such file or directory in /home/ubuntu/workspace/PHP/CRUD/src/teste.php on line 3
[04-Jul-2018 04:43:58 UTC] PHP Stack trace:
[04-Jul-2018 04:43:58 UTC] PHP   1. {main}() /home/ubuntu/workspace/PHP/CRUD/src/teste.php:0
[04-Jul-2018 04:43:58 UTC] PHP Fatal error:  require(): Failed opening required 'Pessoa.class.php' (include_path='.:/usr/share/php:/usr/share/pear') in /home/ubuntu/workspace/PHP/CRUD/src/teste.php on line 3
[04-Jul-2018 04:43:58 UTC] PHP Stack trace:
[04-Jul-2018 04:43:58 UTC] PHP   1. {main}() /home/ubuntu/workspace/PHP/CRUD/src/teste.php:0
[04-Jul-2018 04:44:25 UTC] PHP Warning:  require(Pessoa.class.php): failed to open stream: No such file or directory in /home/ubuntu/workspace/PHP/CRUD/src/teste.php on line 3
[04-Jul-2018 04:44:25 UTC] PHP Stack trace:
[04-Jul-2018 04:44:25 UTC] PHP   1. {main}() /home/ubuntu/workspace/PHP/CRUD/src/teste.php:0
[04-Jul-2018 04:44:25 UTC] PHP Fatal error:  require(): Failed opening required 'Pessoa.class.php' (include_path='.:/usr/share/php:/usr/share/pear') in /home/ubuntu/workspace/PHP/CRUD/src/teste.php on line 3
[04-Jul-2018 04:44:25 UTC] PHP Stack trace:
[04-Jul-2018 04:44:25 UTC] PHP   1. {main}() /home/ubuntu/workspace/PHP/CRUD/src/teste.php:0
